<?xml version="1.0" encoding="UTF-8"?>
<testsuites>
  <testsuite name="PHP_PMD - Tests" tests="39" assertions="51" failures="0" errors="0" time="0.634293">
    <testsuite name="PHP_PMD_RuleSetFactoryTest" file="/home/manu/Desktop/workspace/PHP_PMD-git/test/PHP/PMD/RuleSetFactoryTest.php" fullPackage="PHP_PMD" category="PHP" package="PHP_PMD" tests="31" assertions="37" failures="0" errors="0" time="0.470317">
      <testcase name="testCreateRuleSetFileNameFindsXmlFileInBundledRuleSets" class="PHP_PMD_RuleSetFactoryTest" file="/home/manu/Desktop/workspace/PHP_PMD-git/test/PHP/PMD/RuleSetFactoryTest.php" line="73" assertions="1" time="0.020475"/>
      <testcase name="testCreateRuleSetFileNameFindsXmlFileInCurrentWorkingDirectory" class="PHP_PMD_RuleSetFactoryTest" file="/home/manu/Desktop/workspace/PHP_PMD-git/test/PHP/PMD/RuleSetFactoryTest.php" line="89" assertions="1" time="0.013651"/>
      <testcase name="testCreateRuleSetsReturnsArray" class="PHP_PMD_RuleSetFactoryTest" file="/home/manu/Desktop/workspace/PHP_PMD-git/test/PHP/PMD/RuleSetFactoryTest.php" line="107" assertions="1" time="0.012237"/>
      <testcase name="testCreateRuleSetsForSingleFileReturnsArrayWithOneElement" class="PHP_PMD_RuleSetFactoryTest" file="/home/manu/Desktop/workspace/PHP_PMD-git/test/PHP/PMD/RuleSetFactoryTest.php" line="121" assertions="1" time="0.012688"/>
      <testcase name="testCreateRuleSetsForSingleFileReturnsOneRuleSetInstance" class="PHP_PMD_RuleSetFactoryTest" file="/home/manu/Desktop/workspace/PHP_PMD-git/test/PHP/PMD/RuleSetFactoryTest.php" line="135" assertions="1" time="0.012254"/>
      <testcase name="testCreateRuleSetsConfiguresExpectedRuleSetName" class="PHP_PMD_RuleSetFactoryTest" file="/home/manu/Desktop/workspace/PHP_PMD-git/test/PHP/PMD/RuleSetFactoryTest.php" line="149" assertions="1" time="0.012290"/>
      <testcase name="testCreateRuleSetsConfiguresExpectedRuleSetDescription" class="PHP_PMD_RuleSetFactoryTest" file="/home/manu/Desktop/workspace/PHP_PMD-git/test/PHP/PMD/RuleSetFactoryTest.php" line="163" assertions="1" time="0.012191"/>
      <testcase name="testCreateRuleSetsForTwoFilesReturnsArrayWithTwoElements" class="PHP_PMD_RuleSetFactoryTest" file="/home/manu/Desktop/workspace/PHP_PMD-git/test/PHP/PMD/RuleSetFactoryTest.php" line="177" assertions="1" time="0.016318"/>
      <testcase name="testCreateRuleSetsForTwoFilesReturnsExpectedRuleSetInstances" class="PHP_PMD_RuleSetFactoryTest" file="/home/manu/Desktop/workspace/PHP_PMD-git/test/PHP/PMD/RuleSetFactoryTest.php" line="194" assertions="2" time="0.018738"/>
      <testcase name="testCreateRuleSetsForTwoConfiguresExpectedRuleSetNames" class="PHP_PMD_RuleSetFactoryTest" file="/home/manu/Desktop/workspace/PHP_PMD-git/test/PHP/PMD/RuleSetFactoryTest.php" line="212" assertions="2" time="0.018002"/>
      <testcase name="testCreateRuleSetsForTwoConfiguresExpectedRuleSetDescriptions" class="PHP_PMD_RuleSetFactoryTest" file="/home/manu/Desktop/workspace/PHP_PMD-git/test/PHP/PMD/RuleSetFactoryTest.php" line="230" assertions="2" time="0.017166"/>
      <testcase name="testCreateRuleSetsForLocalFileNameReturnsArray" class="PHP_PMD_RuleSetFactoryTest" file="/home/manu/Desktop/workspace/PHP_PMD-git/test/PHP/PMD/RuleSetFactoryTest.php" line="248" assertions="1" time="0.011942"/>
      <testcase name="testCreateRuleSetsForLocalFileNameReturnsArrayWithOneElement" class="PHP_PMD_RuleSetFactoryTest" file="/home/manu/Desktop/workspace/PHP_PMD-git/test/PHP/PMD/RuleSetFactoryTest.php" line="264" assertions="1" time="0.013170"/>
      <testcase name="testCreateRuleSetsForLocalFileNameConfiguresExpectedRuleSetName" class="PHP_PMD_RuleSetFactoryTest" file="/home/manu/Desktop/workspace/PHP_PMD-git/test/PHP/PMD/RuleSetFactoryTest.php" line="280" assertions="1" time="0.013250"/>
      <testcase name="testCreateRuleSetsWithReferenceContainsExpectedRuleSet" class="PHP_PMD_RuleSetFactoryTest" file="/home/manu/Desktop/workspace/PHP_PMD-git/test/PHP/PMD/RuleSetFactoryTest.php" line="296" assertions="1" time="0.019429"/>
      <testcase name="testCreateRuleSetsWithReferenceContainsExpectedNumberOfRules" class="PHP_PMD_RuleSetFactoryTest" file="/home/manu/Desktop/workspace/PHP_PMD-git/test/PHP/PMD/RuleSetFactoryTest.php" line="312" assertions="1" time="0.020203"/>
      <testcase name="testCreateRuleSetsWithReferenceContainsRuleInstances" class="PHP_PMD_RuleSetFactoryTest" file="/home/manu/Desktop/workspace/PHP_PMD-git/test/PHP/PMD/RuleSetFactoryTest.php" line="328" assertions="1" time="0.020423"/>
      <testcase name="testCreateRuleSetsWithReferenceContainsExpectedRules" class="PHP_PMD_RuleSetFactoryTest" file="/home/manu/Desktop/workspace/PHP_PMD-git/test/PHP/PMD/RuleSetFactoryTest.php" line="344" assertions="1" time="0.021067"/>
      <testcase name="testCreateSingleRuleSetReturnsRuleSetInstance" class="PHP_PMD_RuleSetFactoryTest" file="/home/manu/Desktop/workspace/PHP_PMD-git/test/PHP/PMD/RuleSetFactoryTest.php" line="368" assertions="1" time="0.011986"/>
      <testcase name="testCreateRuleSetWithSpecifiedPriorityOnlyContainsMatchingRules" class="PHP_PMD_RuleSetFactoryTest" file="/home/manu/Desktop/workspace/PHP_PMD-git/test/PHP/PMD/RuleSetFactoryTest.php" line="386" assertions="1" time="0.013357"/>
      <testcase name="testCreateRuleSetsWithRuleReferenceThatOverwritesPrioritySetting" class="PHP_PMD_RuleSetFactoryTest" file="/home/manu/Desktop/workspace/PHP_PMD-git/test/PHP/PMD/RuleSetFactoryTest.php" line="405" assertions="1" time="0.022289"/>
      <testcase name="testCreateRuleSetsWithRuleReferenceThatOverwritesDescriptionSetting" class="PHP_PMD_RuleSetFactoryTest" file="/home/manu/Desktop/workspace/PHP_PMD-git/test/PHP/PMD/RuleSetFactoryTest.php" line="424" assertions="1" time="0.016151"/>
      <testcase name="testCreateRuleSetsWithRuleReferenceThatOverwritesPropertySetting" class="PHP_PMD_RuleSetFactoryTest" file="/home/manu/Desktop/workspace/PHP_PMD-git/test/PHP/PMD/RuleSetFactoryTest.php" line="443" assertions="1" time="0.016596"/>
      <testcase name="testCreateRuleSetsWithRuleReferenceThatOverwritesExamplesSetting" class="PHP_PMD_RuleSetFactoryTest" file="/home/manu/Desktop/workspace/PHP_PMD-git/test/PHP/PMD/RuleSetFactoryTest.php" line="462" assertions="1" time="0.017335"/>
      <testcase name="testCreateRuleSetsWithRuleReferenceThatOverwritesNameSetting" class="PHP_PMD_RuleSetFactoryTest" file="/home/manu/Desktop/workspace/PHP_PMD-git/test/PHP/PMD/RuleSetFactoryTest.php" line="483" assertions="1" time="0.014829"/>
      <testcase name="testCreateRuleSetsWithRuleReferenceThatOverwritesMessageSetting" class="PHP_PMD_RuleSetFactoryTest" file="/home/manu/Desktop/workspace/PHP_PMD-git/test/PHP/PMD/RuleSetFactoryTest.php" line="502" assertions="1" time="0.015041"/>
      <testcase name="testCreateRuleSetsWithRuleReferenceThatOverwritesExtInfoUrlSetting" class="PHP_PMD_RuleSetFactoryTest" file="/home/manu/Desktop/workspace/PHP_PMD-git/test/PHP/PMD/RuleSetFactoryTest.php" line="521" assertions="1" time="0.016383"/>
      <testcase name="testCreateRuleSetsThrowsExceptionForInvalidIdentifier" class="PHP_PMD_RuleSetFactoryTest" file="/home/manu/Desktop/workspace/PHP_PMD-git/test/PHP/PMD/RuleSetFactoryTest.php" line="542" assertions="2" time="0.010023"/>
      <testcase name="testCreateRuleSetsThrowsExceptionWhenClassFileNotInIncludePath" class="PHP_PMD_RuleSetFactoryTest" file="/home/manu/Desktop/workspace/PHP_PMD-git/test/PHP/PMD/RuleSetFactoryTest.php" line="564" assertions="2" time="0.010551"/>
      <testcase name="testCreateRuleSetThrowsExceptionWhenFileNotContainsClass" class="PHP_PMD_RuleSetFactoryTest" file="/home/manu/Desktop/workspace/PHP_PMD-git/test/PHP/PMD/RuleSetFactoryTest.php" line="587" assertions="2" time="0.010931"/>
      <testcase name="testCreateRuleSetsThrowsExpectedExceptionForInvalidXmlFile" class="PHP_PMD_RuleSetFactoryTest" file="/home/manu/Desktop/workspace/PHP_PMD-git/test/PHP/PMD/RuleSetFactoryTest.php" line="611" assertions="1" time="0.009350"/>
    </testsuite>
    <testsuite name="PHP_PMD_RuleSetTest" file="/home/manu/Desktop/workspace/PHP_PMD-git/test/PHP/PMD/RuleSetTest.php" fullPackage="PHP_PMD" category="PHP" package="PHP_PMD" tests="2" assertions="2" failures="0" errors="0" time="0.017589">
      <testcase name="testGetRuleByNameReturnsNullWhenNoMatchingRuleExists" class="PHP_PMD_RuleSetTest" file="/home/manu/Desktop/workspace/PHP_PMD-git/test/PHP/PMD/RuleSetTest.php" line="76" assertions="1" time="0.007387"/>
      <testcase name="testGetRuleByNameReturnsMatchingRuleInstance" class="PHP_PMD_RuleSetTest" file="/home/manu/Desktop/workspace/PHP_PMD-git/test/PHP/PMD/RuleSetTest.php" line="90" assertions="1" time="0.010202"/>
    </testsuite>
    <testsuite name="PHP_PMD_Rule - Tests" tests="6" assertions="12" failures="0" errors="0" time="0.146387">
      <testsuite name="PHP_PMD_Rule_Design - Tests" tests="6" assertions="12" failures="0" errors="0" time="0.146387">
        <testsuite name="PHP_PMD_Rule_Design_LongParameterListTest" file="/home/manu/Desktop/workspace/PHP_PMD-git/test/PHP/PMD/Rule/Design/LongParameterListTest.php" fullPackage="PHP_PMD.Rule_Design" category="PHP" package="PHP_PMD" subpackage="Rule_Design" tests="6" assertions="12" failures="0" errors="0" time="0.146387">
          <testcase name="testApplyIgnoresMethodsWithLessParametersThanMinimum" class="PHP_PMD_Rule_Design_LongParameterListTest" file="/home/manu/Desktop/workspace/PHP_PMD-git/test/PHP/PMD/Rule/Design/LongParameterListTest.php" line="77" assertions="2" time="0.039483"/>
          <testcase name="testApplyReportsMethodsWithIdenticalParametersAndMinimum" class="PHP_PMD_Rule_Design_LongParameterListTest" file="/home/manu/Desktop/workspace/PHP_PMD-git/test/PHP/PMD/Rule/Design/LongParameterListTest.php" line="95" assertions="2" time="0.018790"/>
          <testcase name="testApplyReportsMethodsWithMoreParametersThanMinimum" class="PHP_PMD_Rule_Design_LongParameterListTest" file="/home/manu/Desktop/workspace/PHP_PMD-git/test/PHP/PMD/Rule/Design/LongParameterListTest.php" line="113" assertions="2" time="0.018506"/>
          <testcase name="testApplyIgnoresFunctionsWithLessParametersThanMinimum" class="PHP_PMD_Rule_Design_LongParameterListTest" file="/home/manu/Desktop/workspace/PHP_PMD-git/test/PHP/PMD/Rule/Design/LongParameterListTest.php" line="131" assertions="2" time="0.031067"/>
          <testcase name="testApplyReportsFunctionsWithIdenticalParametersAndMinimum" class="PHP_PMD_Rule_Design_LongParameterListTest" file="/home/manu/Desktop/workspace/PHP_PMD-git/test/PHP/PMD/Rule/Design/LongParameterListTest.php" line="149" assertions="2" time="0.019625"/>
          <testcase name="testApplyReportsFunctionsWithMoreParametersThanMinimum" class="PHP_PMD_Rule_Design_LongParameterListTest" file="/home/manu/Desktop/workspace/PHP_PMD-git/test/PHP/PMD/Rule/Design/LongParameterListTest.php" line="167" assertions="2" time="0.018916"/>
        </testsuite>
      </testsuite>
    </testsuite>
  </testsuite>
</testsuites>
